#
# There is insufficient memory for the Java Runtime Environment to continue.
# Native memory allocation (malloc) failed to allocate 1048576 bytes for AllocateHeap
# Possible reasons:
#   The system is out of physical RAM or swap space
#   The process is running with CompressedOops enabled, and the Java Heap may be blocking the growth of the native heap
# Possible solutions:
#   Reduce memory load on the system
#   Increase physical memory or swap space
#   Check if swap backing store is full
#   Decrease Java heap size (-Xmx/-Xms)
#   Decrease number of Java threads
#   Decrease Java thread stack sizes (-Xss)
#   Set larger code cache with -XX:ReservedCodeCacheSize=
#   JVM is running with Unscaled Compressed Oops mode in which the Java heap is
#     placed in the first 4GB address space. The Java Heap base address is the
#     maximum limit for the native heap growth. Please use -XX:HeapBaseMinAddress
#     to set the Java Heap base and to place the Java Heap above 4GB virtual address.
# This output file may be truncated or incomplete.
#
#  Out of Memory Error (memory/allocation.inline.hpp:61), pid=2828, tid=0x000000000000135c
#
# JRE version:  (8.0_231-b11) (build )
# Java VM: Java HotSpot(TM) 64-Bit Server VM (25.231-b11 mixed mode windows-amd64 compressed oops)
# Failed to write core dump. Minidumps are not enabled by default on client versions of Windows
#

---------------  T H R E A D  ---------------

Current thread (0x0000000002b62800):  JavaThread "Unknown thread" [_thread_in_vm, id=4956, stack(0x00000000028e0000,0x00000000029e0000)]

Stack: [0x00000000028e0000,0x00000000029e0000]
[error occurred during error reporting (printing stack bounds), id 0xc0000005]

Native frames: (J=compiled Java code, j=interpreted, Vv=VM code, C=native code)


---------------  P R O C E S S  ---------------

Java Threads: ( => current thread )

Other Threads:

=>0x0000000002b62800 (exited) JavaThread "Unknown thread" [_thread_in_vm, id=4956, stack(0x00000000028e0000,0x00000000029e0000)]

VM state:not at safepoint (normal execution)

VM Mutex/Monitor currently owned by a thread: None

heap address: 0x0000000082200000, size: 2014 MB, Compressed Oops mode: 32-bit
Narrow klass base: 0x0000000000000000, Narrow klass shift: 3
Compressed class space size: 1073741824 Address: 0x0000000100000000

Heap:
 PSYoungGen      total 37888K, used 655K [0x00000000d6100000, 0x00000000d8b00000, 0x0000000100000000)
  eden space 32768K, 2% used [0x00000000d6100000,0x00000000d61a3d80,0x00000000d8100000)
  from space 5120K, 0% used [0x00000000d8600000,0x00000000d8600000,0x00000000d8b00000)
  to   space 5120K, 0% used [0x00000000d8100000,0x00000000d8100000,0x00000000d8600000)
 ParOldGen       total 86016K, used 0K [0x0000000082200000, 0x0000000087600000, 0x00000000d6100000)
  object space 86016K, 0% used [0x0000000082200000,0x0000000082200000,0x0000000087600000)
 Metaspace       used 763K, capacity 4480K, committed 4480K, reserved 1056768K
  class space    used 76K, capacity 384K, committed 384K, reserved 1048576K

Card table byte_map: [0x0000000012020000,0x0000000012410000] byte_map_base: 0x0000000011c0f000

Marking Bits: (ParMarkBitMap*) 0x0000000071566d90
 Begin Bits: [0x0000000012eb0000, 0x0000000014e28000)
 End Bits:   [0x0000000014e28000, 0x0000000016da0000)

Polling page: 0x00000000010f0000

CodeCache: size=245760Kb used=328Kb max_used=328Kb free=245431Kb
 bounds [0x0000000002c60000, 0x0000000002ed0000, 0x0000000011c60000]
 total_blobs=58 nmethods=0 adapters=38
 compilation: enabled

Compilation events (0 events):
No events

GC Heap History (0 events):
No events

Deoptimization events (0 events):
No events

Classes redefined (0 events):
No events

Internal exceptions (0 events):
No events

Events (10 events):
Event: 0.025 loading class java/lang/Short
Event: 0.025 loading class java/lang/Short done
Event: 0.025 loading class java/lang/Integer
Event: 0.025 loading class java/lang/Integer done
Event: 0.025 loading class java/lang/Long
Event: 0.025 loading class java/lang/Long done
Event: 0.026 loading class java/lang/NullPointerException
Event: 0.026 loading class java/lang/NullPointerException done
Event: 0.026 loading class java/lang/ArithmeticException
Event: 0.026 loading class java/lang/ArithmeticException done


Dynamic libraries:
0x00007ff63ce90000 - 0x00007ff63cec7000 	C:\Program Files\Java\jre1.8.0_231\bin\javaw.exe
0x00007ff97e2f0000 - 0x00007ff97e4e5000 	C:\WINDOWS\SYSTEM32\ntdll.dll
0x00007ff97e170000 - 0x00007ff97e22d000 	C:\WINDOWS\System32\KERNEL32.DLL
0x00007ff97bca0000 - 0x00007ff97bf67000 	C:\WINDOWS\System32\KERNELBASE.dll
0x00007ff97e0c0000 - 0x00007ff97e16a000 	C:\WINDOWS\System32\ADVAPI32.dll
0x00007ff97da80000 - 0x00007ff97db1e000 	C:\WINDOWS\System32\msvcrt.dll
0x00007ff97c8c0000 - 0x00007ff97c95b000 	C:\WINDOWS\System32\sechost.dll
0x00007ff97db20000 - 0x00007ff97dc44000 	C:\WINDOWS\System32\RPCRT4.dll
0x00007ff97d4e0000 - 0x00007ff97d680000 	C:\WINDOWS\System32\USER32.dll
0x00007ff97c2a0000 - 0x00007ff97c2c2000 	C:\WINDOWS\System32\win32u.dll
0x00007ff97c6e0000 - 0x00007ff97c70a000 	C:\WINDOWS\System32\GDI32.dll
0x00007ff97bb90000 - 0x00007ff97bc99000 	C:\WINDOWS\System32\gdi32full.dll
0x00007ff97bfa0000 - 0x00007ff97c03d000 	C:\WINDOWS\System32\msvcp_win.dll
0x00007ff97c040000 - 0x00007ff97c140000 	C:\WINDOWS\System32\ucrtbase.dll
0x00007ff969b10000 - 0x00007ff969dab000 	C:\WINDOWS\WinSxS\amd64_microsoft.windows.common-controls_6595b64144ccf1df_6.0.19041.488_none_ca04af081b815d21\COMCTL32.dll
0x00007ff97c480000 - 0x00007ff97c4b0000 	C:\WINDOWS\System32\IMM32.DLL
0x00000000715f0000 - 0x00000000716c2000 	C:\Program Files\Java\jre1.8.0_231\bin\msvcr100.dll
0x0000000070d40000 - 0x00000000715e6000 	C:\Program Files\Java\jre1.8.0_231\bin\server\jvm.dll
0x00007ff97d730000 - 0x00007ff97d738000 	C:\WINDOWS\System32\PSAPI.DLL
0x00007ff972670000 - 0x00007ff972679000 	C:\WINDOWS\SYSTEM32\WSOCK32.dll
0x00007ff953d30000 - 0x00007ff953d57000 	C:\WINDOWS\SYSTEM32\WINMM.dll
0x00007ff973080000 - 0x00007ff97308a000 	C:\WINDOWS\SYSTEM32\VERSION.dll
0x00007ff97d470000 - 0x00007ff97d4db000 	C:\WINDOWS\System32\WS2_32.dll
0x00007ff972660000 - 0x00007ff97266f000 	C:\Program Files\Java\jre1.8.0_231\bin\verify.dll
0x00007ff968ca0000 - 0x00007ff968cc9000 	C:\Program Files\Java\jre1.8.0_231\bin\java.dll
0x00007ff94f980000 - 0x00007ff94f9b5000 	C:\Program Files\Java\jre1.8.0_231\bin\jdwp.dll
0x00007ff9687e0000 - 0x00007ff9687e8000 	C:\Program Files\Java\jre1.8.0_231\bin\npt.dll
0x00007ff95af10000 - 0x00007ff95af33000 	C:\Program Files\Java\jre1.8.0_231\bin\instrument.dll
0x00007ff960930000 - 0x00007ff960946000 	C:\Program Files\Java\jre1.8.0_231\bin\zip.dll

VM Arguments:
jvm_args: -agentlib:jdwp=transport=dt_socket,suspend=y,address=localhost:59276 -javaagent:C:\Users\DELL\eclipse\java-2020-032\eclipse\configuration\org.eclipse.osgi\223\0\.cp\lib\javaagent-shaded.jar -Dfile.encoding=Cp1252 
java_command: array_list.TextMyArrayList
java_class_path (initial): D:\JAVA\PhanDucDuy_CMUCS316EIS_Array\bin;C:\Users\DELL\eclipse\java-2020-032\eclipse\configuration\org.eclipse.osgi\223\0\.cp\lib\javaagent-shaded.jar
Launcher Type: SUN_STANDARD

Environment Variables:
PATH=C:/Program Files/Java/jre1.8.0_231/bin/server;C:/Program Files/Java/jre1.8.0_231/bin;C:/Program Files/Java/jre1.8.0_231/lib/amd64;C:\Program Files (x86)\Common Files\Oracle\Java\javapath;C:\WINDOWS\system32;C:\WINDOWS;C:\WINDOWS\System32\Wbem;C:\WINDOWS\System32\WindowsPowerShell\v1.0\;C:\WINDOWS\System32\OpenSSH\;C:\Users\DELL\AppData\Local\Microsoft\WindowsApps;;C:\Users\DELL\AppData\Local\Programs\Microsoft VS Code\bin;C:\WINDOWS\System32;
USERNAME=DELL
OS=Windows_NT
PROCESSOR_IDENTIFIER=Intel64 Family 6 Model 142 Stepping 12, GenuineIntel



---------------  S Y S T E M  ---------------

OS: Windows 10.0 , 64 bit Build 19041 (10.0.19041.292)

CPU:total 8 (initial active 8) (4 cores per cpu, 2 threads per core) family 6 model 142 stepping 12, cmov, cx8, fxsr, mmx, sse, sse2, sse3, ssse3, sse4.1, sse4.2, popcnt, avx, avx2, aes, clmul, erms, 3dnowpref, lzcnt, ht, tsc, tscinvbit, bmi1, bmi2, adx

Memory: 4k page, physical 8247312k(1597764k free), swap 20112892k(5852k free)

vm_info: Java HotSpot(TM) 64-Bit Server VM (25.231-b11) for windows-amd64 JRE (1.8.0_231-b11), built on Oct  5 2019 03:11:30 by "java_re" with MS VC++ 10.0 (VS2010)

time: Thu Sep 17 23:24:40 2020
timezone: SE Asia Standard Time
elapsed time: 0 seconds (0d 0h 0m 0s)

